[0m18:15:56.487786 [debug] [MainThread]: Sending event: {'category': 'dbt', 'action': 'invocation', 'label': 'start', 'context': [<snowplow_tracker.self_describing_json.SelfDescribingJson object at 0x7fd3035ce290>, <snowplow_tracker.self_describing_json.SelfDescribingJson object at 0x7fd3019f53c0>, <snowplow_tracker.self_describing_json.SelfDescribingJson object at 0x7fd3019f5360>]}


============================== 18:15:56.490746 | 0745505c-d544-4b7f-b053-0fb66aba5411 ==============================
[0m18:15:56.490746 [info ] [MainThread]: Running with dbt=1.7.8
[0m18:15:56.491429 [debug] [MainThread]: running dbt with arguments {'printer_width': '80', 'indirect_selection': 'eager', 'write_json': 'True', 'log_cache_events': 'False', 'partial_parse': 'True', 'cache_selected_only': 'False', 'warn_error': 'None', 'debug': 'False', 'profiles_dir': '/home/vscode/.dbt', 'log_path': 'logs', 'fail_fast': 'False', 'version_check': 'True', 'use_colors': 'True', 'use_experimental_parser': 'False', 'no_print': 'None', 'quiet': 'False', 'log_format': 'default', 'static_parser': 'True', 'introspect': 'True', 'invocation_command': 'dbt init dbt_demo_project', 'target_path': 'None', 'warn_error_options': 'WarnErrorOptions(include=[], exclude=[])', 'send_anonymous_usage_stats': 'True'}
[0m18:15:56.491948 [warn ] [MainThread]: [ConfigFolderDirectory]: Unable to parse dict {'dir': PosixPath('/home/vscode/.dbt')}
[0m18:15:56.492443 [info ] [MainThread]: Creating dbt configuration folder at 
[0m18:15:56.493436 [debug] [MainThread]: Starter project path: /home/vscode/.local/lib/python3.10/site-packages/dbt/include/starter_project
[0m18:15:56.515244 [info ] [MainThread]: 
Your new dbt project "dbt_demo_project" was created!

For more information on how to configure the profiles.yml file,
please consult the dbt documentation here:

  https://docs.getdbt.com/docs/configure-your-profile

One more thing:

Need help? Don't hesitate to reach out to us via GitHub issues or on Slack:

  https://community.getdbt.com/

Happy modeling!

[0m18:15:56.516368 [info ] [MainThread]: Setting up your profile.
[0m18:19:42.141676 [info ] [MainThread]: Profile dbt_demo_project written to /home/vscode/.dbt/profiles.yml using target's profile_template.yml and your supplied values. Run 'dbt debug' to validate the connection.
[0m18:19:42.148548 [debug] [MainThread]: Resource report: {"command_name": "init", "command_success": true, "command_wall_clock_time": 225.66638, "process_user_time": 2.179215, "process_kernel_time": 0.159743, "process_mem_max_rss": "109744", "process_in_blocks": "192", "process_out_blocks": "80"}
[0m18:19:42.149235 [debug] [MainThread]: Command `dbt init` succeeded at 18:19:42.149075 after 225.67 seconds
[0m18:19:42.149702 [debug] [MainThread]: Sending event: {'category': 'dbt', 'action': 'invocation', 'label': 'end', 'context': [<snowplow_tracker.self_describing_json.SelfDescribingJson object at 0x7fd3035ce290>, <snowplow_tracker.self_describing_json.SelfDescribingJson object at 0x7fd3001558d0>, <snowplow_tracker.self_describing_json.SelfDescribingJson object at 0x7fd300157730>]}
[0m18:19:42.150190 [debug] [MainThread]: Flushing usage events
